{"context":"RoutesResolver","level":"info","message":"AppController {/}:","timestamp":"2025-03-11T04:07:56.524Z"}
{"context":"RouterExplorer","level":"info","message":"Mapped {/, GET} route","timestamp":"2025-03-11T04:07:56.526Z"}
{"context":"RoutesResolver","level":"info","message":"UserController {/user}:","timestamp":"2025-03-11T04:07:56.527Z"}
{"context":"RouterExplorer","level":"info","message":"Mapped {/user, GET} route","timestamp":"2025-03-11T04:07:56.528Z"}
{"context":"RouterExplorer","level":"info","message":"Mapped {/user/:username, GET} route","timestamp":"2025-03-11T04:07:56.529Z"}
{"context":"RouterExplorer","level":"info","message":"Mapped {/user/profile, GET} route","timestamp":"2025-03-11T04:07:56.529Z"}
{"context":"RouterExplorer","level":"info","message":"Mapped {/user/logs, GET} route","timestamp":"2025-03-11T04:07:56.530Z"}
{"context":"RouterExplorer","level":"info","message":"Mapped {/user, POST} route","timestamp":"2025-03-11T04:07:56.530Z"}
{"context":"RouterExplorer","level":"info","message":"Mapped {/user/:id, PATCH} route","timestamp":"2025-03-11T04:07:56.531Z"}
{"context":"RouterExplorer","level":"info","message":"Mapped {/user/:id, DELETE} route","timestamp":"2025-03-11T04:07:56.531Z"}
{"context":"NestApplication","level":"info","message":"Nest application successfully started","timestamp":"2025-03-11T04:07:56.533Z"}
{"context":"RoutesResolver","level":"info","message":"AppController {/}:","timestamp":"2025-03-11T04:16:45.894Z"}
{"context":"RouterExplorer","level":"info","message":"Mapped {/, GET} route","timestamp":"2025-03-11T04:16:45.897Z"}
{"context":"RoutesResolver","level":"info","message":"UserController {/user}:","timestamp":"2025-03-11T04:16:45.897Z"}
{"context":"RouterExplorer","level":"info","message":"Mapped {/user, GET} route","timestamp":"2025-03-11T04:16:45.898Z"}
{"context":"RouterExplorer","level":"info","message":"Mapped {/user/:username, GET} route","timestamp":"2025-03-11T04:16:45.899Z"}
{"context":"RouterExplorer","level":"info","message":"Mapped {/user/profile, GET} route","timestamp":"2025-03-11T04:16:45.899Z"}
{"context":"RouterExplorer","level":"info","message":"Mapped {/user/logs, GET} route","timestamp":"2025-03-11T04:16:45.900Z"}
{"context":"RouterExplorer","level":"info","message":"Mapped {/user, POST} route","timestamp":"2025-03-11T04:16:45.900Z"}
{"context":"RouterExplorer","level":"info","message":"Mapped {/user/:id, PATCH} route","timestamp":"2025-03-11T04:16:45.901Z"}
{"context":"RouterExplorer","level":"info","message":"Mapped {/user/:id, DELETE} route","timestamp":"2025-03-11T04:16:45.901Z"}
{"context":"RoutesResolver","level":"info","message":"SchollController {/scholl}:","timestamp":"2025-03-11T04:16:45.901Z"}
{"context":"RouterExplorer","level":"info","message":"Mapped {/scholl, GET} route","timestamp":"2025-03-11T04:16:45.902Z"}
{"context":"NestApplication","level":"info","message":"Nest application successfully started","timestamp":"2025-03-11T04:16:45.904Z"}
{"context":"RoutesResolver","level":"info","message":"AppController {/}:","timestamp":"2025-03-11T06:17:21.995Z"}
{"context":"RouterExplorer","level":"info","message":"Mapped {/, GET} route","timestamp":"2025-03-11T06:17:21.997Z"}
{"context":"RoutesResolver","level":"info","message":"UserController {/user}:","timestamp":"2025-03-11T06:17:21.998Z"}
{"context":"RouterExplorer","level":"info","message":"Mapped {/user, GET} route","timestamp":"2025-03-11T06:17:21.999Z"}
{"context":"RouterExplorer","level":"info","message":"Mapped {/user/:username, GET} route","timestamp":"2025-03-11T06:17:22.000Z"}
{"context":"RouterExplorer","level":"info","message":"Mapped {/user/profile, GET} route","timestamp":"2025-03-11T06:17:22.000Z"}
{"context":"RouterExplorer","level":"info","message":"Mapped {/user/logs, GET} route","timestamp":"2025-03-11T06:17:22.001Z"}
{"context":"RouterExplorer","level":"info","message":"Mapped {/user, POST} route","timestamp":"2025-03-11T06:17:22.001Z"}
{"context":"RouterExplorer","level":"info","message":"Mapped {/user/:id, PATCH} route","timestamp":"2025-03-11T06:17:22.002Z"}
{"context":"RouterExplorer","level":"info","message":"Mapped {/user/:id, DELETE} route","timestamp":"2025-03-11T06:17:22.002Z"}
{"context":"RoutesResolver","level":"info","message":"SchollController {/scholl}:","timestamp":"2025-03-11T06:17:22.003Z"}
{"context":"RouterExplorer","level":"info","message":"Mapped {/scholl, GET} route","timestamp":"2025-03-11T06:17:22.003Z"}
{"context":"NestApplication","level":"info","message":"Nest application successfully started","timestamp":"2025-03-11T06:17:22.005Z"}
{"context":"RoutesResolver","level":"info","message":"AppController {/}:","timestamp":"2025-03-11T06:43:35.130Z"}
{"context":"RouterExplorer","level":"info","message":"Mapped {/, GET} route","timestamp":"2025-03-11T06:43:35.132Z"}
{"context":"RoutesResolver","level":"info","message":"UserController {/user}:","timestamp":"2025-03-11T06:43:35.133Z"}
{"context":"RouterExplorer","level":"info","message":"Mapped {/user, GET} route","timestamp":"2025-03-11T06:43:35.134Z"}
{"context":"RouterExplorer","level":"info","message":"Mapped {/user/:username, GET} route","timestamp":"2025-03-11T06:43:35.134Z"}
{"context":"RouterExplorer","level":"info","message":"Mapped {/user/profile, GET} route","timestamp":"2025-03-11T06:43:35.135Z"}
{"context":"RouterExplorer","level":"info","message":"Mapped {/user/logs, GET} route","timestamp":"2025-03-11T06:43:35.135Z"}
{"context":"RouterExplorer","level":"info","message":"Mapped {/user, POST} route","timestamp":"2025-03-11T06:43:35.136Z"}
{"context":"RouterExplorer","level":"info","message":"Mapped {/user/:id, PATCH} route","timestamp":"2025-03-11T06:43:35.137Z"}
{"context":"RouterExplorer","level":"info","message":"Mapped {/user/:id, DELETE} route","timestamp":"2025-03-11T06:43:35.137Z"}
{"context":"RoutesResolver","level":"info","message":"SchollController {/scholl}:","timestamp":"2025-03-11T06:43:35.137Z"}
{"context":"RouterExplorer","level":"info","message":"Mapped {/scholl, GET} route","timestamp":"2025-03-11T06:43:35.138Z"}
{"context":"RoutesResolver","level":"info","message":"AuthController {/auth}:","timestamp":"2025-03-11T06:43:35.138Z"}
{"context":"RouterExplorer","level":"info","message":"Mapped {/auth/login, POST} route","timestamp":"2025-03-11T06:43:35.139Z"}
{"context":"NestApplication","level":"info","message":"Nest application successfully started","timestamp":"2025-03-11T06:43:35.140Z"}
{"context":"RoutesResolver","level":"info","message":"AppController {/}:","timestamp":"2025-03-11T06:44:16.442Z"}
{"context":"RouterExplorer","level":"info","message":"Mapped {/, GET} route","timestamp":"2025-03-11T06:44:16.444Z"}
{"context":"RoutesResolver","level":"info","message":"UserController {/user}:","timestamp":"2025-03-11T06:44:16.445Z"}
{"context":"RouterExplorer","level":"info","message":"Mapped {/user, GET} route","timestamp":"2025-03-11T06:44:16.446Z"}
{"context":"RouterExplorer","level":"info","message":"Mapped {/user/:username, GET} route","timestamp":"2025-03-11T06:44:16.446Z"}
{"context":"RouterExplorer","level":"info","message":"Mapped {/user/profile, GET} route","timestamp":"2025-03-11T06:44:16.447Z"}
{"context":"RouterExplorer","level":"info","message":"Mapped {/user/logs, GET} route","timestamp":"2025-03-11T06:44:16.447Z"}
{"context":"RouterExplorer","level":"info","message":"Mapped {/user, POST} route","timestamp":"2025-03-11T06:44:16.448Z"}
{"context":"RouterExplorer","level":"info","message":"Mapped {/user/:id, PATCH} route","timestamp":"2025-03-11T06:44:16.448Z"}
{"context":"RouterExplorer","level":"info","message":"Mapped {/user/:id, DELETE} route","timestamp":"2025-03-11T06:44:16.449Z"}
{"context":"RoutesResolver","level":"info","message":"SchollController {/scholl}:","timestamp":"2025-03-11T06:44:16.449Z"}
{"context":"RouterExplorer","level":"info","message":"Mapped {/scholl, GET} route","timestamp":"2025-03-11T06:44:16.449Z"}
{"context":"RoutesResolver","level":"info","message":"AuthController {/auth}:","timestamp":"2025-03-11T06:44:16.450Z"}
{"context":"RouterExplorer","level":"info","message":"Mapped {/auth/login, POST} route","timestamp":"2025-03-11T06:44:16.450Z"}
{"context":"NestApplication","level":"info","message":"Nest application successfully started","timestamp":"2025-03-11T06:44:16.452Z"}
{"context":"ExceptionsHandler","error":{},"level":"error","message":"Cannot read properties of undefined (reading 'id')","stack":["TypeError: Cannot read properties of undefined (reading 'id')\n    at AuthService.login (F:\\Nest\\nestvueserve\\src\\auth\\auth.service.ts:10:36)\n    at AuthController.login (F:\\Nest\\nestvueserve\\src\\auth\\auth.controller.ts:10:29)\n    at F:\\Nest\\nestvueserve\\node_modules\\@nestjs\\core\\router\\router-execution-context.js:38:29\n    at process.processTicksAndRejections (node:internal/process/task_queues:95:5)\n    at async F:\\Nest\\nestvueserve\\node_modules\\@nestjs\\core\\router\\router-execution-context.js:46:28\n    at async F:\\Nest\\nestvueserve\\node_modules\\@nestjs\\core\\router\\router-proxy.js:9:17"],"timestamp":"2025-03-11T06:44:20.454Z"}
{"context":"RoutesResolver","level":"info","message":"AppController {/}:","timestamp":"2025-03-11T06:46:44.213Z"}
{"context":"RouterExplorer","level":"info","message":"Mapped {/, GET} route","timestamp":"2025-03-11T06:46:44.215Z"}
{"context":"RoutesResolver","level":"info","message":"UserController {/user}:","timestamp":"2025-03-11T06:46:44.216Z"}
{"context":"RouterExplorer","level":"info","message":"Mapped {/user, GET} route","timestamp":"2025-03-11T06:46:44.217Z"}
{"context":"RouterExplorer","level":"info","message":"Mapped {/user/:username, GET} route","timestamp":"2025-03-11T06:46:44.218Z"}
{"context":"RouterExplorer","level":"info","message":"Mapped {/user/profile, GET} route","timestamp":"2025-03-11T06:46:44.219Z"}
{"context":"RouterExplorer","level":"info","message":"Mapped {/user/logs, GET} route","timestamp":"2025-03-11T06:46:44.219Z"}
{"context":"RouterExplorer","level":"info","message":"Mapped {/user, POST} route","timestamp":"2025-03-11T06:46:44.220Z"}
{"context":"RouterExplorer","level":"info","message":"Mapped {/user/:id, PATCH} route","timestamp":"2025-03-11T06:46:44.220Z"}
{"context":"RouterExplorer","level":"info","message":"Mapped {/user/:id, DELETE} route","timestamp":"2025-03-11T06:46:44.221Z"}
{"context":"RoutesResolver","level":"info","message":"SchollController {/scholl}:","timestamp":"2025-03-11T06:46:44.221Z"}
{"context":"RouterExplorer","level":"info","message":"Mapped {/scholl, GET} route","timestamp":"2025-03-11T06:46:44.222Z"}
{"context":"RoutesResolver","level":"info","message":"AuthController {/auth}:","timestamp":"2025-03-11T06:46:44.222Z"}
{"context":"RouterExplorer","level":"info","message":"Mapped {/auth/login, POST} route","timestamp":"2025-03-11T06:46:44.223Z"}
{"context":"NestApplication","level":"info","message":"Nest application successfully started","timestamp":"2025-03-11T06:46:44.226Z"}
{"context":"RoutesResolver","level":"info","message":"AppController {/}:","timestamp":"2025-03-11T06:46:52.528Z"}
{"context":"RouterExplorer","level":"info","message":"Mapped {/, GET} route","timestamp":"2025-03-11T06:46:52.530Z"}
{"context":"RoutesResolver","level":"info","message":"UserController {/user}:","timestamp":"2025-03-11T06:46:52.530Z"}
{"context":"RouterExplorer","level":"info","message":"Mapped {/user, GET} route","timestamp":"2025-03-11T06:46:52.531Z"}
{"context":"RouterExplorer","level":"info","message":"Mapped {/user/:username, GET} route","timestamp":"2025-03-11T06:46:52.532Z"}
{"context":"RouterExplorer","level":"info","message":"Mapped {/user/profile, GET} route","timestamp":"2025-03-11T06:46:52.532Z"}
{"context":"RouterExplorer","level":"info","message":"Mapped {/user/logs, GET} route","timestamp":"2025-03-11T06:46:52.533Z"}
{"context":"RouterExplorer","level":"info","message":"Mapped {/user, POST} route","timestamp":"2025-03-11T06:46:52.534Z"}
{"context":"RouterExplorer","level":"info","message":"Mapped {/user/:id, PATCH} route","timestamp":"2025-03-11T06:46:52.534Z"}
{"context":"RouterExplorer","level":"info","message":"Mapped {/user/:id, DELETE} route","timestamp":"2025-03-11T06:46:52.535Z"}
{"context":"RoutesResolver","level":"info","message":"SchollController {/scholl}:","timestamp":"2025-03-11T06:46:52.535Z"}
{"context":"RouterExplorer","level":"info","message":"Mapped {/scholl, GET} route","timestamp":"2025-03-11T06:46:52.536Z"}
{"context":"RoutesResolver","level":"info","message":"AuthController {/auth}:","timestamp":"2025-03-11T06:46:52.536Z"}
{"context":"RouterExplorer","level":"info","message":"Mapped {/auth/login, POST} route","timestamp":"2025-03-11T06:46:52.536Z"}
{"context":"NestApplication","level":"info","message":"Nest application successfully started","timestamp":"2025-03-11T06:46:52.538Z"}
{"context":"RoutesResolver","level":"info","message":"AppController {/}:","timestamp":"2025-03-11T06:47:07.705Z"}
{"context":"RouterExplorer","level":"info","message":"Mapped {/, GET} route","timestamp":"2025-03-11T06:47:07.709Z"}
{"context":"RoutesResolver","level":"info","message":"UserController {/user}:","timestamp":"2025-03-11T06:47:07.710Z"}
{"context":"RouterExplorer","level":"info","message":"Mapped {/user, GET} route","timestamp":"2025-03-11T06:47:07.711Z"}
{"context":"RouterExplorer","level":"info","message":"Mapped {/user/:username, GET} route","timestamp":"2025-03-11T06:47:07.712Z"}
{"context":"RouterExplorer","level":"info","message":"Mapped {/user/profile, GET} route","timestamp":"2025-03-11T06:47:07.713Z"}
{"context":"RouterExplorer","level":"info","message":"Mapped {/user/logs, GET} route","timestamp":"2025-03-11T06:47:07.714Z"}
{"context":"RouterExplorer","level":"info","message":"Mapped {/user, POST} route","timestamp":"2025-03-11T06:47:07.714Z"}
{"context":"RouterExplorer","level":"info","message":"Mapped {/user/:id, PATCH} route","timestamp":"2025-03-11T06:47:07.716Z"}
{"context":"RouterExplorer","level":"info","message":"Mapped {/user/:id, DELETE} route","timestamp":"2025-03-11T06:47:07.716Z"}
{"context":"RoutesResolver","level":"info","message":"SchollController {/scholl}:","timestamp":"2025-03-11T06:47:07.717Z"}
{"context":"RouterExplorer","level":"info","message":"Mapped {/scholl, GET} route","timestamp":"2025-03-11T06:47:07.717Z"}
{"context":"RoutesResolver","level":"info","message":"AuthController {/auth}:","timestamp":"2025-03-11T06:47:07.718Z"}
{"context":"RouterExplorer","level":"info","message":"Mapped {/auth/login, POST} route","timestamp":"2025-03-11T06:47:07.718Z"}
{"context":"NestApplication","level":"info","message":"Nest application successfully started","timestamp":"2025-03-11T06:47:07.720Z"}
{"context":"RoutesResolver","level":"info","message":"AppController {/}:","timestamp":"2025-03-11T06:49:51.870Z"}
{"context":"RouterExplorer","level":"info","message":"Mapped {/, GET} route","timestamp":"2025-03-11T06:49:51.872Z"}
{"context":"RoutesResolver","level":"info","message":"UserController {/user}:","timestamp":"2025-03-11T06:49:51.872Z"}
{"context":"RouterExplorer","level":"info","message":"Mapped {/user, GET} route","timestamp":"2025-03-11T06:49:51.873Z"}
{"context":"RouterExplorer","level":"info","message":"Mapped {/user/:username, GET} route","timestamp":"2025-03-11T06:49:51.874Z"}
{"context":"RouterExplorer","level":"info","message":"Mapped {/user/profile, GET} route","timestamp":"2025-03-11T06:49:51.874Z"}
{"context":"RouterExplorer","level":"info","message":"Mapped {/user/logs, GET} route","timestamp":"2025-03-11T06:49:51.875Z"}
{"context":"RouterExplorer","level":"info","message":"Mapped {/user, POST} route","timestamp":"2025-03-11T06:49:51.875Z"}
{"context":"RouterExplorer","level":"info","message":"Mapped {/user/:id, PATCH} route","timestamp":"2025-03-11T06:49:51.876Z"}
{"context":"RouterExplorer","level":"info","message":"Mapped {/user/:id, DELETE} route","timestamp":"2025-03-11T06:49:51.877Z"}
{"context":"RoutesResolver","level":"info","message":"SchollController {/scholl}:","timestamp":"2025-03-11T06:49:51.877Z"}
{"context":"RouterExplorer","level":"info","message":"Mapped {/scholl, GET} route","timestamp":"2025-03-11T06:49:51.877Z"}
{"context":"RoutesResolver","level":"info","message":"AuthController {/auth}:","timestamp":"2025-03-11T06:49:51.878Z"}
{"context":"RouterExplorer","level":"info","message":"Mapped {/auth/login, POST} route","timestamp":"2025-03-11T06:49:51.878Z"}
{"context":"RouterExplorer","level":"info","message":"Mapped {/auth/profile, GET} route","timestamp":"2025-03-11T06:49:51.879Z"}
{"context":"NestApplication","level":"info","message":"Nest application successfully started","timestamp":"2025-03-11T06:49:51.880Z"}
{"context":"ExceptionsHandler","error":{},"level":"error","message":"Unknown authentication strategy \"jwt\"","stack":["Error: Unknown authentication strategy \"jwt\"\n    at attempt (F:\\Nest\\nestvueserve\\node_modules\\passport\\lib\\middleware\\authenticate.js:193:39)\n    at authenticate (F:\\Nest\\nestvueserve\\node_modules\\passport\\lib\\middleware\\authenticate.js:379:7)\n    at F:\\Nest\\nestvueserve\\node_modules\\@nestjs\\passport\\dist\\auth.guard.js:88:3\n    at new Promise (<anonymous>)\n    at F:\\Nest\\nestvueserve\\node_modules\\@nestjs\\passport\\dist\\auth.guard.js:80:83\n    at JwtAuthGuard.canActivate (F:\\Nest\\nestvueserve\\node_modules\\@nestjs\\passport\\dist\\auth.guard.js:44:32)\n    at process.processTicksAndRejections (node:internal/process/task_queues:95:5)"],"timestamp":"2025-03-11T06:50:46.542Z"}
{"context":"ExceptionsHandler","error":{},"level":"error","message":"Unknown authentication strategy \"jwt\"","stack":["Error: Unknown authentication strategy \"jwt\"\n    at attempt (F:\\Nest\\nestvueserve\\node_modules\\passport\\lib\\middleware\\authenticate.js:193:39)\n    at authenticate (F:\\Nest\\nestvueserve\\node_modules\\passport\\lib\\middleware\\authenticate.js:379:7)\n    at F:\\Nest\\nestvueserve\\node_modules\\@nestjs\\passport\\dist\\auth.guard.js:88:3\n    at new Promise (<anonymous>)\n    at F:\\Nest\\nestvueserve\\node_modules\\@nestjs\\passport\\dist\\auth.guard.js:80:83\n    at JwtAuthGuard.canActivate (F:\\Nest\\nestvueserve\\node_modules\\@nestjs\\passport\\dist\\auth.guard.js:44:32)\n    at process.processTicksAndRejections (node:internal/process/task_queues:95:5)"],"timestamp":"2025-03-11T06:51:39.469Z"}
{"context":"RoutesResolver","level":"info","message":"AppController {/}:","timestamp":"2025-03-11T06:54:02.534Z"}
{"context":"RouterExplorer","level":"info","message":"Mapped {/, GET} route","timestamp":"2025-03-11T06:54:02.535Z"}
{"context":"RoutesResolver","level":"info","message":"UserController {/user}:","timestamp":"2025-03-11T06:54:02.536Z"}
{"context":"RouterExplorer","level":"info","message":"Mapped {/user, GET} route","timestamp":"2025-03-11T06:54:02.537Z"}
{"context":"RouterExplorer","level":"info","message":"Mapped {/user/:username, GET} route","timestamp":"2025-03-11T06:54:02.538Z"}
{"context":"RouterExplorer","level":"info","message":"Mapped {/user/profile, GET} route","timestamp":"2025-03-11T06:54:02.538Z"}
{"context":"RouterExplorer","level":"info","message":"Mapped {/user/logs, GET} route","timestamp":"2025-03-11T06:54:02.539Z"}
{"context":"RouterExplorer","level":"info","message":"Mapped {/user, POST} route","timestamp":"2025-03-11T06:54:02.539Z"}
{"context":"RouterExplorer","level":"info","message":"Mapped {/user/:id, PATCH} route","timestamp":"2025-03-11T06:54:02.540Z"}
{"context":"RouterExplorer","level":"info","message":"Mapped {/user/:id, DELETE} route","timestamp":"2025-03-11T06:54:02.541Z"}
{"context":"RoutesResolver","level":"info","message":"SchollController {/scholl}:","timestamp":"2025-03-11T06:54:02.541Z"}
{"context":"RouterExplorer","level":"info","message":"Mapped {/scholl, GET} route","timestamp":"2025-03-11T06:54:02.541Z"}
{"context":"RoutesResolver","level":"info","message":"AuthController {/auth}:","timestamp":"2025-03-11T06:54:02.542Z"}
{"context":"RouterExplorer","level":"info","message":"Mapped {/auth/login, POST} route","timestamp":"2025-03-11T06:54:02.542Z"}
{"context":"RouterExplorer","level":"info","message":"Mapped {/auth/profile, GET} route","timestamp":"2025-03-11T06:54:02.543Z"}
{"context":"NestApplication","level":"info","message":"Nest application successfully started","timestamp":"2025-03-11T06:54:02.546Z"}
{"context":"ExceptionsHandler","error":{},"level":"error","message":"Unknown authentication strategy \"jwt\"","stack":["Error: Unknown authentication strategy \"jwt\"\n    at attempt (F:\\Nest\\nestvueserve\\node_modules\\passport\\lib\\middleware\\authenticate.js:193:39)\n    at authenticate (F:\\Nest\\nestvueserve\\node_modules\\passport\\lib\\middleware\\authenticate.js:379:7)\n    at F:\\Nest\\nestvueserve\\node_modules\\@nestjs\\passport\\dist\\auth.guard.js:88:3\n    at new Promise (<anonymous>)\n    at F:\\Nest\\nestvueserve\\node_modules\\@nestjs\\passport\\dist\\auth.guard.js:80:83\n    at JwtAuthGuard.canActivate (F:\\Nest\\nestvueserve\\node_modules\\@nestjs\\passport\\dist\\auth.guard.js:44:32)\n    at process.processTicksAndRejections (node:internal/process/task_queues:95:5)"],"timestamp":"2025-03-11T06:54:07.300Z"}
{"context":"RoutesResolver","level":"info","message":"AppController {/}:","timestamp":"2025-03-11T06:54:38.229Z"}
{"context":"RouterExplorer","level":"info","message":"Mapped {/, GET} route","timestamp":"2025-03-11T06:54:38.231Z"}
{"context":"RoutesResolver","level":"info","message":"UserController {/user}:","timestamp":"2025-03-11T06:54:38.231Z"}
{"context":"RouterExplorer","level":"info","message":"Mapped {/user, GET} route","timestamp":"2025-03-11T06:54:38.232Z"}
{"context":"RouterExplorer","level":"info","message":"Mapped {/user/:username, GET} route","timestamp":"2025-03-11T06:54:38.233Z"}
{"context":"RouterExplorer","level":"info","message":"Mapped {/user/profile, GET} route","timestamp":"2025-03-11T06:54:38.233Z"}
{"context":"RouterExplorer","level":"info","message":"Mapped {/user/logs, GET} route","timestamp":"2025-03-11T06:54:38.233Z"}
{"context":"RouterExplorer","level":"info","message":"Mapped {/user, POST} route","timestamp":"2025-03-11T06:54:38.234Z"}
{"context":"RouterExplorer","level":"info","message":"Mapped {/user/:id, PATCH} route","timestamp":"2025-03-11T06:54:38.234Z"}
{"context":"RouterExplorer","level":"info","message":"Mapped {/user/:id, DELETE} route","timestamp":"2025-03-11T06:54:38.235Z"}
{"context":"RoutesResolver","level":"info","message":"SchollController {/scholl}:","timestamp":"2025-03-11T06:54:38.235Z"}
{"context":"RouterExplorer","level":"info","message":"Mapped {/scholl, GET} route","timestamp":"2025-03-11T06:54:38.236Z"}
{"context":"RoutesResolver","level":"info","message":"AuthController {/auth}:","timestamp":"2025-03-11T06:54:38.236Z"}
{"context":"RouterExplorer","level":"info","message":"Mapped {/auth/login, POST} route","timestamp":"2025-03-11T06:54:38.236Z"}
{"context":"RouterExplorer","level":"info","message":"Mapped {/auth/profile, GET} route","timestamp":"2025-03-11T06:54:38.237Z"}
{"context":"NestApplication","level":"info","message":"Nest application successfully started","timestamp":"2025-03-11T06:54:38.238Z"}
{"context":"RoutesResolver","level":"info","message":"AppController {/}:","timestamp":"2025-03-11T06:55:14.034Z"}
{"context":"RouterExplorer","level":"info","message":"Mapped {/, GET} route","timestamp":"2025-03-11T06:55:14.036Z"}
{"context":"RoutesResolver","level":"info","message":"UserController {/user}:","timestamp":"2025-03-11T06:55:14.036Z"}
{"context":"RouterExplorer","level":"info","message":"Mapped {/user, GET} route","timestamp":"2025-03-11T06:55:14.037Z"}
{"context":"RouterExplorer","level":"info","message":"Mapped {/user/:username, GET} route","timestamp":"2025-03-11T06:55:14.038Z"}
{"context":"RouterExplorer","level":"info","message":"Mapped {/user/profile, GET} route","timestamp":"2025-03-11T06:55:14.039Z"}
{"context":"RouterExplorer","level":"info","message":"Mapped {/user/logs, GET} route","timestamp":"2025-03-11T06:55:14.039Z"}
{"context":"RouterExplorer","level":"info","message":"Mapped {/user, POST} route","timestamp":"2025-03-11T06:55:14.040Z"}
{"context":"RouterExplorer","level":"info","message":"Mapped {/user/:id, PATCH} route","timestamp":"2025-03-11T06:55:14.040Z"}
{"context":"RouterExplorer","level":"info","message":"Mapped {/user/:id, DELETE} route","timestamp":"2025-03-11T06:55:14.041Z"}
{"context":"RoutesResolver","level":"info","message":"SchollController {/scholl}:","timestamp":"2025-03-11T06:55:14.041Z"}
{"context":"RouterExplorer","level":"info","message":"Mapped {/scholl, GET} route","timestamp":"2025-03-11T06:55:14.042Z"}
{"context":"RoutesResolver","level":"info","message":"AuthController {/auth}:","timestamp":"2025-03-11T06:55:14.042Z"}
{"context":"RouterExplorer","level":"info","message":"Mapped {/auth/login, POST} route","timestamp":"2025-03-11T06:55:14.043Z"}
{"context":"RouterExplorer","level":"info","message":"Mapped {/auth/profile, GET} route","timestamp":"2025-03-11T06:55:14.044Z"}
{"context":"NestApplication","level":"info","message":"Nest application successfully started","timestamp":"2025-03-11T06:55:14.045Z"}
{"context":"RoutesResolver","level":"info","message":"AppController {/}:","timestamp":"2025-03-11T07:19:04.431Z"}
{"context":"RouterExplorer","level":"info","message":"Mapped {/, GET} route","timestamp":"2025-03-11T07:19:04.433Z"}
{"context":"RoutesResolver","level":"info","message":"UserController {/user}:","timestamp":"2025-03-11T07:19:04.434Z"}
{"context":"RouterExplorer","level":"info","message":"Mapped {/user, GET} route","timestamp":"2025-03-11T07:19:04.434Z"}
{"context":"RouterExplorer","level":"info","message":"Mapped {/user/:username, GET} route","timestamp":"2025-03-11T07:19:04.435Z"}
{"context":"RouterExplorer","level":"info","message":"Mapped {/user/profile, GET} route","timestamp":"2025-03-11T07:19:04.436Z"}
{"context":"RouterExplorer","level":"info","message":"Mapped {/user/logs, GET} route","timestamp":"2025-03-11T07:19:04.436Z"}
{"context":"RouterExplorer","level":"info","message":"Mapped {/user, POST} route","timestamp":"2025-03-11T07:19:04.437Z"}
{"context":"RouterExplorer","level":"info","message":"Mapped {/user/:id, PATCH} route","timestamp":"2025-03-11T07:19:04.437Z"}
{"context":"RouterExplorer","level":"info","message":"Mapped {/user/:id, DELETE} route","timestamp":"2025-03-11T07:19:04.438Z"}
{"context":"RoutesResolver","level":"info","message":"SchollController {/scholl}:","timestamp":"2025-03-11T07:19:04.438Z"}
{"context":"RouterExplorer","level":"info","message":"Mapped {/scholl, GET} route","timestamp":"2025-03-11T07:19:04.439Z"}
{"context":"RoutesResolver","level":"info","message":"AuthController {/auth}:","timestamp":"2025-03-11T07:19:04.439Z"}
{"context":"RouterExplorer","level":"info","message":"Mapped {/auth/login, POST} route","timestamp":"2025-03-11T07:19:04.439Z"}
{"context":"RouterExplorer","level":"info","message":"Mapped {/auth/profile, GET} route","timestamp":"2025-03-11T07:19:04.440Z"}
{"context":"NestApplication","level":"info","message":"Nest application successfully started","timestamp":"2025-03-11T07:19:04.441Z"}
{"context":"RoutesResolver","level":"info","message":"AppController {/}:","timestamp":"2025-03-11T07:19:07.175Z"}
{"context":"RouterExplorer","level":"info","message":"Mapped {/, GET} route","timestamp":"2025-03-11T07:19:07.177Z"}
{"context":"RoutesResolver","level":"info","message":"UserController {/user}:","timestamp":"2025-03-11T07:19:07.178Z"}
{"context":"RouterExplorer","level":"info","message":"Mapped {/user, GET} route","timestamp":"2025-03-11T07:19:07.179Z"}
{"context":"RouterExplorer","level":"info","message":"Mapped {/user/:username, GET} route","timestamp":"2025-03-11T07:19:07.180Z"}
{"context":"RouterExplorer","level":"info","message":"Mapped {/user/profile, GET} route","timestamp":"2025-03-11T07:19:07.180Z"}
{"context":"RouterExplorer","level":"info","message":"Mapped {/user/logs, GET} route","timestamp":"2025-03-11T07:19:07.181Z"}
{"context":"RouterExplorer","level":"info","message":"Mapped {/user, POST} route","timestamp":"2025-03-11T07:19:07.181Z"}
{"context":"RouterExplorer","level":"info","message":"Mapped {/user/:id, PATCH} route","timestamp":"2025-03-11T07:19:07.182Z"}
{"context":"RouterExplorer","level":"info","message":"Mapped {/user/:id, DELETE} route","timestamp":"2025-03-11T07:19:07.182Z"}
{"context":"RoutesResolver","level":"info","message":"SchollController {/scholl}:","timestamp":"2025-03-11T07:19:07.183Z"}
{"context":"RouterExplorer","level":"info","message":"Mapped {/scholl, GET} route","timestamp":"2025-03-11T07:19:07.183Z"}
{"context":"RoutesResolver","level":"info","message":"AuthController {/auth}:","timestamp":"2025-03-11T07:19:07.183Z"}
{"context":"RouterExplorer","level":"info","message":"Mapped {/auth/login, POST} route","timestamp":"2025-03-11T07:19:07.184Z"}
{"context":"RouterExplorer","level":"info","message":"Mapped {/auth/profile, GET} route","timestamp":"2025-03-11T07:19:07.184Z"}
{"context":"NestApplication","level":"info","message":"Nest application successfully started","timestamp":"2025-03-11T07:19:07.186Z"}
{"context":"RoutesResolver","level":"info","message":"AppController {/}:","timestamp":"2025-03-11T07:38:18.721Z"}
{"context":"RouterExplorer","level":"info","message":"Mapped {/, GET} route","timestamp":"2025-03-11T07:38:18.724Z"}
{"context":"RoutesResolver","level":"info","message":"UserController {/user}:","timestamp":"2025-03-11T07:38:18.724Z"}
{"context":"RouterExplorer","level":"info","message":"Mapped {/user, GET} route","timestamp":"2025-03-11T07:38:18.725Z"}
{"context":"RouterExplorer","level":"info","message":"Mapped {/user/:username, GET} route","timestamp":"2025-03-11T07:38:18.726Z"}
{"context":"RouterExplorer","level":"info","message":"Mapped {/user/profile, GET} route","timestamp":"2025-03-11T07:38:18.726Z"}
{"context":"RouterExplorer","level":"info","message":"Mapped {/user/logs, GET} route","timestamp":"2025-03-11T07:38:18.727Z"}
{"context":"RouterExplorer","level":"info","message":"Mapped {/user, POST} route","timestamp":"2025-03-11T07:38:18.727Z"}
{"context":"RouterExplorer","level":"info","message":"Mapped {/user/:id, PATCH} route","timestamp":"2025-03-11T07:38:18.728Z"}
{"context":"RouterExplorer","level":"info","message":"Mapped {/user/:id, DELETE} route","timestamp":"2025-03-11T07:38:18.728Z"}
{"context":"RoutesResolver","level":"info","message":"SchollController {/scholl}:","timestamp":"2025-03-11T07:38:18.729Z"}
{"context":"RouterExplorer","level":"info","message":"Mapped {/scholl, GET} route","timestamp":"2025-03-11T07:38:18.729Z"}
{"context":"RoutesResolver","level":"info","message":"AuthController {/auth}:","timestamp":"2025-03-11T07:38:18.730Z"}
{"context":"RouterExplorer","level":"info","message":"Mapped {/auth/login, POST} route","timestamp":"2025-03-11T07:38:18.730Z"}
{"context":"RouterExplorer","level":"info","message":"Mapped {/auth/profile, GET} route","timestamp":"2025-03-11T07:38:18.730Z"}
{"context":"NestApplication","level":"info","message":"Nest application successfully started","timestamp":"2025-03-11T07:38:18.732Z"}
{"context":"RoutesResolver","level":"info","message":"AppController {/}:","timestamp":"2025-03-11T07:38:21.511Z"}
{"context":"RouterExplorer","level":"info","message":"Mapped {/, GET} route","timestamp":"2025-03-11T07:38:21.513Z"}
{"context":"RoutesResolver","level":"info","message":"UserController {/user}:","timestamp":"2025-03-11T07:38:21.514Z"}
{"context":"RouterExplorer","level":"info","message":"Mapped {/user, GET} route","timestamp":"2025-03-11T07:38:21.515Z"}
{"context":"RouterExplorer","level":"info","message":"Mapped {/user/:username, GET} route","timestamp":"2025-03-11T07:38:21.516Z"}
{"context":"RouterExplorer","level":"info","message":"Mapped {/user/profile, GET} route","timestamp":"2025-03-11T07:38:21.516Z"}
{"context":"RouterExplorer","level":"info","message":"Mapped {/user/logs, GET} route","timestamp":"2025-03-11T07:38:21.517Z"}
{"context":"RouterExplorer","level":"info","message":"Mapped {/user, POST} route","timestamp":"2025-03-11T07:38:21.517Z"}
{"context":"RouterExplorer","level":"info","message":"Mapped {/user/:id, PATCH} route","timestamp":"2025-03-11T07:38:21.518Z"}
{"context":"RouterExplorer","level":"info","message":"Mapped {/user/:id, DELETE} route","timestamp":"2025-03-11T07:38:21.519Z"}
{"context":"RoutesResolver","level":"info","message":"SchollController {/scholl}:","timestamp":"2025-03-11T07:38:21.519Z"}
{"context":"RouterExplorer","level":"info","message":"Mapped {/scholl, GET} route","timestamp":"2025-03-11T07:38:21.519Z"}
{"context":"RoutesResolver","level":"info","message":"AuthController {/auth}:","timestamp":"2025-03-11T07:38:21.520Z"}
{"context":"RouterExplorer","level":"info","message":"Mapped {/auth/login, POST} route","timestamp":"2025-03-11T07:38:21.520Z"}
{"context":"RouterExplorer","level":"info","message":"Mapped {/auth/profile, GET} route","timestamp":"2025-03-11T07:38:21.521Z"}
{"context":"NestApplication","level":"info","message":"Nest application successfully started","timestamp":"2025-03-11T07:38:21.523Z"}
{"context":"RoutesResolver","level":"info","message":"AppController {/}:","timestamp":"2025-03-11T07:38:24.887Z"}
{"context":"RouterExplorer","level":"info","message":"Mapped {/, GET} route","timestamp":"2025-03-11T07:38:24.889Z"}
{"context":"RoutesResolver","level":"info","message":"UserController {/user}:","timestamp":"2025-03-11T07:38:24.890Z"}
{"context":"RouterExplorer","level":"info","message":"Mapped {/user, GET} route","timestamp":"2025-03-11T07:38:24.891Z"}
{"context":"RouterExplorer","level":"info","message":"Mapped {/user/:username, GET} route","timestamp":"2025-03-11T07:38:24.892Z"}
{"context":"RouterExplorer","level":"info","message":"Mapped {/user/profile, GET} route","timestamp":"2025-03-11T07:38:24.892Z"}
{"context":"RouterExplorer","level":"info","message":"Mapped {/user/logs, GET} route","timestamp":"2025-03-11T07:38:24.893Z"}
{"context":"RouterExplorer","level":"info","message":"Mapped {/user, POST} route","timestamp":"2025-03-11T07:38:24.893Z"}
{"context":"RouterExplorer","level":"info","message":"Mapped {/user/:id, PATCH} route","timestamp":"2025-03-11T07:38:24.894Z"}
{"context":"RouterExplorer","level":"info","message":"Mapped {/user/:id, DELETE} route","timestamp":"2025-03-11T07:38:24.894Z"}
{"context":"RoutesResolver","level":"info","message":"SchollController {/scholl}:","timestamp":"2025-03-11T07:38:24.894Z"}
{"context":"RouterExplorer","level":"info","message":"Mapped {/scholl, GET} route","timestamp":"2025-03-11T07:38:24.895Z"}
{"context":"RoutesResolver","level":"info","message":"AuthController {/auth}:","timestamp":"2025-03-11T07:38:24.895Z"}
{"context":"RouterExplorer","level":"info","message":"Mapped {/auth/login, POST} route","timestamp":"2025-03-11T07:38:24.896Z"}
{"context":"RouterExplorer","level":"info","message":"Mapped {/auth/profile, GET} route","timestamp":"2025-03-11T07:38:24.896Z"}
{"context":"NestApplication","level":"info","message":"Nest application successfully started","timestamp":"2025-03-11T07:38:24.898Z"}
{"context":"RoutesResolver","level":"info","message":"AppController {/}:","timestamp":"2025-03-11T07:38:30.123Z"}
{"context":"RouterExplorer","level":"info","message":"Mapped {/, GET} route","timestamp":"2025-03-11T07:38:30.125Z"}
{"context":"RoutesResolver","level":"info","message":"UserController {/user}:","timestamp":"2025-03-11T07:38:30.126Z"}
{"context":"RouterExplorer","level":"info","message":"Mapped {/user, GET} route","timestamp":"2025-03-11T07:38:30.127Z"}
{"context":"RouterExplorer","level":"info","message":"Mapped {/user/:username, GET} route","timestamp":"2025-03-11T07:38:30.128Z"}
{"context":"RouterExplorer","level":"info","message":"Mapped {/user/profile, GET} route","timestamp":"2025-03-11T07:38:30.128Z"}
{"context":"RouterExplorer","level":"info","message":"Mapped {/user/logs, GET} route","timestamp":"2025-03-11T07:38:30.129Z"}
{"context":"RouterExplorer","level":"info","message":"Mapped {/user, POST} route","timestamp":"2025-03-11T07:38:30.129Z"}
{"context":"RouterExplorer","level":"info","message":"Mapped {/user/:id, PATCH} route","timestamp":"2025-03-11T07:38:30.130Z"}
{"context":"RouterExplorer","level":"info","message":"Mapped {/user/:id, DELETE} route","timestamp":"2025-03-11T07:38:30.130Z"}
{"context":"RoutesResolver","level":"info","message":"SchollController {/scholl}:","timestamp":"2025-03-11T07:38:30.131Z"}
{"context":"RouterExplorer","level":"info","message":"Mapped {/scholl, GET} route","timestamp":"2025-03-11T07:38:30.131Z"}
{"context":"RoutesResolver","level":"info","message":"AuthController {/auth}:","timestamp":"2025-03-11T07:38:30.132Z"}
{"context":"RouterExplorer","level":"info","message":"Mapped {/auth/login, POST} route","timestamp":"2025-03-11T07:38:30.132Z"}
{"context":"RouterExplorer","level":"info","message":"Mapped {/auth/profile, GET} route","timestamp":"2025-03-11T07:38:30.133Z"}
{"context":"NestApplication","level":"info","message":"Nest application successfully started","timestamp":"2025-03-11T07:38:30.134Z"}
{"context":"RoutesResolver","level":"info","message":"AppController {/}:","timestamp":"2025-03-11T07:38:55.386Z"}
{"context":"RouterExplorer","level":"info","message":"Mapped {/, GET} route","timestamp":"2025-03-11T07:38:55.389Z"}
{"context":"RoutesResolver","level":"info","message":"UserController {/user}:","timestamp":"2025-03-11T07:38:55.389Z"}
{"context":"RouterExplorer","level":"info","message":"Mapped {/user, GET} route","timestamp":"2025-03-11T07:38:55.390Z"}
{"context":"RouterExplorer","level":"info","message":"Mapped {/user/:username, GET} route","timestamp":"2025-03-11T07:38:55.391Z"}
{"context":"RouterExplorer","level":"info","message":"Mapped {/user/profile, GET} route","timestamp":"2025-03-11T07:38:55.391Z"}
{"context":"RouterExplorer","level":"info","message":"Mapped {/user/logs, GET} route","timestamp":"2025-03-11T07:38:55.392Z"}
{"context":"RouterExplorer","level":"info","message":"Mapped {/user, POST} route","timestamp":"2025-03-11T07:38:55.392Z"}
{"context":"RouterExplorer","level":"info","message":"Mapped {/user/:id, PATCH} route","timestamp":"2025-03-11T07:38:55.393Z"}
{"context":"RouterExplorer","level":"info","message":"Mapped {/user/:id, DELETE} route","timestamp":"2025-03-11T07:38:55.393Z"}
{"context":"RoutesResolver","level":"info","message":"SchollController {/scholl}:","timestamp":"2025-03-11T07:38:55.394Z"}
{"context":"RouterExplorer","level":"info","message":"Mapped {/scholl, GET} route","timestamp":"2025-03-11T07:38:55.394Z"}
{"context":"RoutesResolver","level":"info","message":"AuthController {/auth}:","timestamp":"2025-03-11T07:38:55.395Z"}
{"context":"RouterExplorer","level":"info","message":"Mapped {/auth/login, POST} route","timestamp":"2025-03-11T07:38:55.395Z"}
{"context":"RouterExplorer","level":"info","message":"Mapped {/auth/profile, GET} route","timestamp":"2025-03-11T07:38:55.396Z"}
{"context":"NestApplication","level":"info","message":"Nest application successfully started","timestamp":"2025-03-11T07:38:55.398Z"}
{"context":"RoutesResolver","level":"info","message":"AppController {/}:","timestamp":"2025-03-11T07:39:37.650Z"}
{"context":"RouterExplorer","level":"info","message":"Mapped {/, GET} route","timestamp":"2025-03-11T07:39:37.652Z"}
{"context":"RoutesResolver","level":"info","message":"UserController {/user}:","timestamp":"2025-03-11T07:39:37.653Z"}
{"context":"RouterExplorer","level":"info","message":"Mapped {/user, GET} route","timestamp":"2025-03-11T07:39:37.654Z"}
{"context":"RouterExplorer","level":"info","message":"Mapped {/user/:username, GET} route","timestamp":"2025-03-11T07:39:37.654Z"}
{"context":"RouterExplorer","level":"info","message":"Mapped {/user/profile, GET} route","timestamp":"2025-03-11T07:39:37.655Z"}
{"context":"RouterExplorer","level":"info","message":"Mapped {/user/logs, GET} route","timestamp":"2025-03-11T07:39:37.655Z"}
{"context":"RouterExplorer","level":"info","message":"Mapped {/user, POST} route","timestamp":"2025-03-11T07:39:37.656Z"}
{"context":"RouterExplorer","level":"info","message":"Mapped {/user/:id, PATCH} route","timestamp":"2025-03-11T07:39:37.656Z"}
{"context":"RouterExplorer","level":"info","message":"Mapped {/user/:id, DELETE} route","timestamp":"2025-03-11T07:39:37.657Z"}
{"context":"RoutesResolver","level":"info","message":"SchollController {/scholl}:","timestamp":"2025-03-11T07:39:37.657Z"}
{"context":"RouterExplorer","level":"info","message":"Mapped {/scholl, GET} route","timestamp":"2025-03-11T07:39:37.658Z"}
{"context":"RoutesResolver","level":"info","message":"AuthController {/auth}:","timestamp":"2025-03-11T07:39:37.658Z"}
{"context":"RouterExplorer","level":"info","message":"Mapped {/auth/login, POST} route","timestamp":"2025-03-11T07:39:37.659Z"}
{"context":"RouterExplorer","level":"info","message":"Mapped {/auth/profile, GET} route","timestamp":"2025-03-11T07:39:37.659Z"}
{"context":"NestApplication","level":"info","message":"Nest application successfully started","timestamp":"2025-03-11T07:39:37.660Z"}
{"context":"RoutesResolver","level":"info","message":"AppController {/}:","timestamp":"2025-03-11T07:39:55.814Z"}
{"context":"RouterExplorer","level":"info","message":"Mapped {/, GET} route","timestamp":"2025-03-11T07:39:55.817Z"}
{"context":"RoutesResolver","level":"info","message":"UserController {/user}:","timestamp":"2025-03-11T07:39:55.817Z"}
{"context":"RouterExplorer","level":"info","message":"Mapped {/user, GET} route","timestamp":"2025-03-11T07:39:55.818Z"}
{"context":"RouterExplorer","level":"info","message":"Mapped {/user/:username, GET} route","timestamp":"2025-03-11T07:39:55.819Z"}
{"context":"RouterExplorer","level":"info","message":"Mapped {/user/profile, GET} route","timestamp":"2025-03-11T07:39:55.820Z"}
{"context":"RouterExplorer","level":"info","message":"Mapped {/user/logs, GET} route","timestamp":"2025-03-11T07:39:55.820Z"}
{"context":"RouterExplorer","level":"info","message":"Mapped {/user, POST} route","timestamp":"2025-03-11T07:39:55.821Z"}
{"context":"RouterExplorer","level":"info","message":"Mapped {/user/:id, PATCH} route","timestamp":"2025-03-11T07:39:55.822Z"}
{"context":"RouterExplorer","level":"info","message":"Mapped {/user/:id, DELETE} route","timestamp":"2025-03-11T07:39:55.822Z"}
{"context":"RoutesResolver","level":"info","message":"SchollController {/scholl}:","timestamp":"2025-03-11T07:39:55.823Z"}
{"context":"RouterExplorer","level":"info","message":"Mapped {/scholl, GET} route","timestamp":"2025-03-11T07:39:55.823Z"}
{"context":"RoutesResolver","level":"info","message":"AuthController {/auth}:","timestamp":"2025-03-11T07:39:55.824Z"}
{"context":"RouterExplorer","level":"info","message":"Mapped {/auth/login, POST} route","timestamp":"2025-03-11T07:39:55.824Z"}
{"context":"RouterExplorer","level":"info","message":"Mapped {/auth/profile, GET} route","timestamp":"2025-03-11T07:39:55.825Z"}
{"context":"NestApplication","level":"info","message":"Nest application successfully started","timestamp":"2025-03-11T07:39:55.827Z"}
{"context":"RoutesResolver","level":"info","message":"AppController {/}:","timestamp":"2025-03-11T07:40:19.666Z"}
{"context":"RouterExplorer","level":"info","message":"Mapped {/, GET} route","timestamp":"2025-03-11T07:40:19.668Z"}
{"context":"RoutesResolver","level":"info","message":"UserController {/user}:","timestamp":"2025-03-11T07:40:19.669Z"}
{"context":"RouterExplorer","level":"info","message":"Mapped {/user, GET} route","timestamp":"2025-03-11T07:40:19.669Z"}
{"context":"RouterExplorer","level":"info","message":"Mapped {/user/:username, GET} route","timestamp":"2025-03-11T07:40:19.670Z"}
{"context":"RouterExplorer","level":"info","message":"Mapped {/user/profile, GET} route","timestamp":"2025-03-11T07:40:19.670Z"}
{"context":"RouterExplorer","level":"info","message":"Mapped {/user/logs, GET} route","timestamp":"2025-03-11T07:40:19.671Z"}
{"context":"RouterExplorer","level":"info","message":"Mapped {/user, POST} route","timestamp":"2025-03-11T07:40:19.671Z"}
{"context":"RouterExplorer","level":"info","message":"Mapped {/user/:id, PATCH} route","timestamp":"2025-03-11T07:40:19.672Z"}
{"context":"RouterExplorer","level":"info","message":"Mapped {/user/:id, DELETE} route","timestamp":"2025-03-11T07:40:19.672Z"}
{"context":"RoutesResolver","level":"info","message":"SchollController {/scholl}:","timestamp":"2025-03-11T07:40:19.672Z"}
{"context":"RouterExplorer","level":"info","message":"Mapped {/scholl, GET} route","timestamp":"2025-03-11T07:40:19.673Z"}
{"context":"RoutesResolver","level":"info","message":"AuthController {/auth}:","timestamp":"2025-03-11T07:40:19.673Z"}
{"context":"RouterExplorer","level":"info","message":"Mapped {/auth/login, POST} route","timestamp":"2025-03-11T07:40:19.674Z"}
{"context":"RouterExplorer","level":"info","message":"Mapped {/auth/profile, GET} route","timestamp":"2025-03-11T07:40:19.674Z"}
{"context":"RouterExplorer","level":"info","message":"Mapped {/auth/refresh-token, POST} route","timestamp":"2025-03-11T07:40:19.674Z"}
{"context":"NestApplication","level":"info","message":"Nest application successfully started","timestamp":"2025-03-11T07:40:19.676Z"}
{"context":"RoutesResolver","level":"info","message":"AppController {/}:","timestamp":"2025-03-11T07:43:31.487Z"}
{"context":"RouterExplorer","level":"info","message":"Mapped {/, GET} route","timestamp":"2025-03-11T07:43:31.489Z"}
{"context":"RoutesResolver","level":"info","message":"UserController {/user}:","timestamp":"2025-03-11T07:43:31.490Z"}
{"context":"RouterExplorer","level":"info","message":"Mapped {/user, GET} route","timestamp":"2025-03-11T07:43:31.491Z"}
{"context":"RouterExplorer","level":"info","message":"Mapped {/user/:username, GET} route","timestamp":"2025-03-11T07:43:31.492Z"}
{"context":"RouterExplorer","level":"info","message":"Mapped {/user/profile, GET} route","timestamp":"2025-03-11T07:43:31.492Z"}
{"context":"RouterExplorer","level":"info","message":"Mapped {/user/logs, GET} route","timestamp":"2025-03-11T07:43:31.493Z"}
{"context":"RouterExplorer","level":"info","message":"Mapped {/user, POST} route","timestamp":"2025-03-11T07:43:31.493Z"}
{"context":"RouterExplorer","level":"info","message":"Mapped {/user/:id, PATCH} route","timestamp":"2025-03-11T07:43:31.494Z"}
{"context":"RouterExplorer","level":"info","message":"Mapped {/user/:id, DELETE} route","timestamp":"2025-03-11T07:43:31.494Z"}
{"context":"RoutesResolver","level":"info","message":"SchollController {/scholl}:","timestamp":"2025-03-11T07:43:31.495Z"}
{"context":"RouterExplorer","level":"info","message":"Mapped {/scholl, GET} route","timestamp":"2025-03-11T07:43:31.495Z"}
{"context":"RoutesResolver","level":"info","message":"AuthController {/auth}:","timestamp":"2025-03-11T07:43:31.495Z"}
{"context":"RouterExplorer","level":"info","message":"Mapped {/auth/login, POST} route","timestamp":"2025-03-11T07:43:31.496Z"}
{"context":"RouterExplorer","level":"info","message":"Mapped {/auth/profile, GET} route","timestamp":"2025-03-11T07:43:31.497Z"}
{"context":"RouterExplorer","level":"info","message":"Mapped {/auth/refresh-token, POST} route","timestamp":"2025-03-11T07:43:31.497Z"}
{"context":"NestApplication","level":"info","message":"Nest application successfully started","timestamp":"2025-03-11T07:43:31.499Z"}
{"context":"RoutesResolver","level":"info","message":"AppController {/}:","timestamp":"2025-03-11T08:03:36.247Z"}
{"context":"RouterExplorer","level":"info","message":"Mapped {/, GET} route","timestamp":"2025-03-11T08:03:36.249Z"}
{"context":"RoutesResolver","level":"info","message":"UserController {/user}:","timestamp":"2025-03-11T08:03:36.250Z"}
{"context":"RouterExplorer","level":"info","message":"Mapped {/user, GET} route","timestamp":"2025-03-11T08:03:36.251Z"}
{"context":"RouterExplorer","level":"info","message":"Mapped {/user/:username, GET} route","timestamp":"2025-03-11T08:03:36.251Z"}
{"context":"RouterExplorer","level":"info","message":"Mapped {/user/profile, GET} route","timestamp":"2025-03-11T08:03:36.252Z"}
{"context":"RouterExplorer","level":"info","message":"Mapped {/user/logs, GET} route","timestamp":"2025-03-11T08:03:36.252Z"}
{"context":"RouterExplorer","level":"info","message":"Mapped {/user, POST} route","timestamp":"2025-03-11T08:03:36.253Z"}
{"context":"RouterExplorer","level":"info","message":"Mapped {/user/:id, PATCH} route","timestamp":"2025-03-11T08:03:36.253Z"}
{"context":"RouterExplorer","level":"info","message":"Mapped {/user/:id, DELETE} route","timestamp":"2025-03-11T08:03:36.254Z"}
{"context":"RoutesResolver","level":"info","message":"SchollController {/scholl}:","timestamp":"2025-03-11T08:03:36.254Z"}
{"context":"RouterExplorer","level":"info","message":"Mapped {/scholl, GET} route","timestamp":"2025-03-11T08:03:36.255Z"}
{"context":"RoutesResolver","level":"info","message":"AuthController {/auth}:","timestamp":"2025-03-11T08:03:36.255Z"}
{"context":"RouterExplorer","level":"info","message":"Mapped {/auth/login, POST} route","timestamp":"2025-03-11T08:03:36.255Z"}
{"context":"RouterExplorer","level":"info","message":"Mapped {/auth/profile, GET} route","timestamp":"2025-03-11T08:03:36.256Z"}
{"context":"RouterExplorer","level":"info","message":"Mapped {/auth/refresh-token, POST} route","timestamp":"2025-03-11T08:03:36.256Z"}
{"context":"NestApplication","level":"info","message":"Nest application successfully started","timestamp":"2025-03-11T08:03:36.258Z"}
{"context":"RoutesResolver","level":"info","message":"AppController {/}:","timestamp":"2025-03-11T08:08:01.669Z"}
{"context":"RouterExplorer","level":"info","message":"Mapped {/, GET} route","timestamp":"2025-03-11T08:08:01.671Z"}
{"context":"RoutesResolver","level":"info","message":"UserController {/user}:","timestamp":"2025-03-11T08:08:01.672Z"}
{"context":"RouterExplorer","level":"info","message":"Mapped {/user, GET} route","timestamp":"2025-03-11T08:08:01.673Z"}
{"context":"RouterExplorer","level":"info","message":"Mapped {/user/:username, GET} route","timestamp":"2025-03-11T08:08:01.674Z"}
{"context":"RouterExplorer","level":"info","message":"Mapped {/user/profile, GET} route","timestamp":"2025-03-11T08:08:01.674Z"}
{"context":"RouterExplorer","level":"info","message":"Mapped {/user/logs, GET} route","timestamp":"2025-03-11T08:08:01.674Z"}
{"context":"RouterExplorer","level":"info","message":"Mapped {/user, POST} route","timestamp":"2025-03-11T08:08:01.675Z"}
{"context":"RouterExplorer","level":"info","message":"Mapped {/user/:id, PATCH} route","timestamp":"2025-03-11T08:08:01.676Z"}
{"context":"RouterExplorer","level":"info","message":"Mapped {/user/:id, DELETE} route","timestamp":"2025-03-11T08:08:01.676Z"}
{"context":"RoutesResolver","level":"info","message":"SchollController {/scholl}:","timestamp":"2025-03-11T08:08:01.676Z"}
{"context":"RouterExplorer","level":"info","message":"Mapped {/scholl, GET} route","timestamp":"2025-03-11T08:08:01.677Z"}
{"context":"RoutesResolver","level":"info","message":"AuthController {/auth}:","timestamp":"2025-03-11T08:08:01.677Z"}
{"context":"RouterExplorer","level":"info","message":"Mapped {/auth/login, POST} route","timestamp":"2025-03-11T08:08:01.677Z"}
{"context":"RouterExplorer","level":"info","message":"Mapped {/auth/profile, GET} route","timestamp":"2025-03-11T08:08:01.678Z"}
{"context":"RouterExplorer","level":"info","message":"Mapped {/auth/refresh-token, POST} route","timestamp":"2025-03-11T08:08:01.678Z"}
{"context":"NestApplication","level":"info","message":"Nest application successfully started","timestamp":"2025-03-11T08:08:01.679Z"}
{"context":"RoutesResolver","level":"info","message":"AppController {/}:","timestamp":"2025-03-11T08:19:07.295Z"}
{"context":"RouterExplorer","level":"info","message":"Mapped {/, GET} route","timestamp":"2025-03-11T08:19:07.297Z"}
{"context":"RoutesResolver","level":"info","message":"UserController {/user}:","timestamp":"2025-03-11T08:19:07.297Z"}
{"context":"RouterExplorer","level":"info","message":"Mapped {/user, GET} route","timestamp":"2025-03-11T08:19:07.298Z"}
{"context":"RouterExplorer","level":"info","message":"Mapped {/user/:username, GET} route","timestamp":"2025-03-11T08:19:07.299Z"}
{"context":"RouterExplorer","level":"info","message":"Mapped {/user/profile, GET} route","timestamp":"2025-03-11T08:19:07.299Z"}
{"context":"RouterExplorer","level":"info","message":"Mapped {/user/logs, GET} route","timestamp":"2025-03-11T08:19:07.300Z"}
{"context":"RouterExplorer","level":"info","message":"Mapped {/user, POST} route","timestamp":"2025-03-11T08:19:07.300Z"}
{"context":"RouterExplorer","level":"info","message":"Mapped {/user/:id, PATCH} route","timestamp":"2025-03-11T08:19:07.301Z"}
{"context":"RouterExplorer","level":"info","message":"Mapped {/user/:id, DELETE} route","timestamp":"2025-03-11T08:19:07.302Z"}
{"context":"RoutesResolver","level":"info","message":"SchollController {/scholl}:","timestamp":"2025-03-11T08:19:07.302Z"}
{"context":"RouterExplorer","level":"info","message":"Mapped {/scholl, GET} route","timestamp":"2025-03-11T08:19:07.303Z"}
{"context":"RoutesResolver","level":"info","message":"AuthController {/auth}:","timestamp":"2025-03-11T08:19:07.304Z"}
{"context":"RouterExplorer","level":"info","message":"Mapped {/auth/login, POST} route","timestamp":"2025-03-11T08:19:07.304Z"}
{"context":"RouterExplorer","level":"info","message":"Mapped {/auth/profile, GET} route","timestamp":"2025-03-11T08:19:07.306Z"}
{"context":"RouterExplorer","level":"info","message":"Mapped {/auth/refresh-token, POST} route","timestamp":"2025-03-11T08:19:07.307Z"}
{"context":"NestApplication","level":"info","message":"Nest application successfully started","timestamp":"2025-03-11T08:19:07.310Z"}
{"context":"RoutesResolver","level":"info","message":"AppController {/}:","timestamp":"2025-03-11T08:22:26.149Z"}
{"context":"RouterExplorer","level":"info","message":"Mapped {/, GET} route","timestamp":"2025-03-11T08:22:26.151Z"}
{"context":"RoutesResolver","level":"info","message":"UserController {/user}:","timestamp":"2025-03-11T08:22:26.151Z"}
{"context":"RouterExplorer","level":"info","message":"Mapped {/user, GET} route","timestamp":"2025-03-11T08:22:26.152Z"}
{"context":"RouterExplorer","level":"info","message":"Mapped {/user/:username, GET} route","timestamp":"2025-03-11T08:22:26.153Z"}
{"context":"RouterExplorer","level":"info","message":"Mapped {/user/profile, GET} route","timestamp":"2025-03-11T08:22:26.153Z"}
{"context":"RouterExplorer","level":"info","message":"Mapped {/user/logs, GET} route","timestamp":"2025-03-11T08:22:26.154Z"}
{"context":"RouterExplorer","level":"info","message":"Mapped {/user, POST} route","timestamp":"2025-03-11T08:22:26.154Z"}
{"context":"RouterExplorer","level":"info","message":"Mapped {/user/:id, PATCH} route","timestamp":"2025-03-11T08:22:26.155Z"}
{"context":"RouterExplorer","level":"info","message":"Mapped {/user/:id, DELETE} route","timestamp":"2025-03-11T08:22:26.155Z"}
{"context":"RoutesResolver","level":"info","message":"SchollController {/scholl}:","timestamp":"2025-03-11T08:22:26.155Z"}
{"context":"RouterExplorer","level":"info","message":"Mapped {/scholl, GET} route","timestamp":"2025-03-11T08:22:26.156Z"}
{"context":"RoutesResolver","level":"info","message":"AuthController {/auth}:","timestamp":"2025-03-11T08:22:26.156Z"}
{"context":"RouterExplorer","level":"info","message":"Mapped {/auth/login, POST} route","timestamp":"2025-03-11T08:22:26.157Z"}
{"context":"RouterExplorer","level":"info","message":"Mapped {/auth/profile, GET} route","timestamp":"2025-03-11T08:22:26.157Z"}
{"context":"RouterExplorer","level":"info","message":"Mapped {/auth/refresh-token, POST} route","timestamp":"2025-03-11T08:22:26.157Z"}
{"context":"NestApplication","level":"info","message":"Nest application successfully started","timestamp":"2025-03-11T08:22:26.159Z"}
{"context":"RoutesResolver","level":"info","message":"AppController {/}:","timestamp":"2025-03-11T08:23:30.695Z"}
{"context":"RouterExplorer","level":"info","message":"Mapped {/, GET} route","timestamp":"2025-03-11T08:23:30.699Z"}
{"context":"RoutesResolver","level":"info","message":"UserController {/user}:","timestamp":"2025-03-11T08:23:30.699Z"}
{"context":"RouterExplorer","level":"info","message":"Mapped {/user, GET} route","timestamp":"2025-03-11T08:23:30.700Z"}
{"context":"RouterExplorer","level":"info","message":"Mapped {/user/:username, GET} route","timestamp":"2025-03-11T08:23:30.701Z"}
{"context":"RouterExplorer","level":"info","message":"Mapped {/user/profile, GET} route","timestamp":"2025-03-11T08:23:30.702Z"}
{"context":"RouterExplorer","level":"info","message":"Mapped {/user/logs, GET} route","timestamp":"2025-03-11T08:23:30.702Z"}
{"context":"RouterExplorer","level":"info","message":"Mapped {/user, POST} route","timestamp":"2025-03-11T08:23:30.703Z"}
{"context":"RouterExplorer","level":"info","message":"Mapped {/user/:id, PATCH} route","timestamp":"2025-03-11T08:23:30.703Z"}
{"context":"RouterExplorer","level":"info","message":"Mapped {/user/:id, DELETE} route","timestamp":"2025-03-11T08:23:30.704Z"}
{"context":"RoutesResolver","level":"info","message":"SchollController {/scholl}:","timestamp":"2025-03-11T08:23:30.704Z"}
{"context":"RouterExplorer","level":"info","message":"Mapped {/scholl, GET} route","timestamp":"2025-03-11T08:23:30.705Z"}
{"context":"RoutesResolver","level":"info","message":"AuthController {/auth}:","timestamp":"2025-03-11T08:23:30.705Z"}
{"context":"RouterExplorer","level":"info","message":"Mapped {/auth/login, POST} route","timestamp":"2025-03-11T08:23:30.706Z"}
{"context":"RouterExplorer","level":"info","message":"Mapped {/auth/profile, GET} route","timestamp":"2025-03-11T08:23:30.706Z"}
{"context":"RouterExplorer","level":"info","message":"Mapped {/auth/refresh-token, POST} route","timestamp":"2025-03-11T08:23:30.706Z"}
{"context":"NestApplication","level":"info","message":"Nest application successfully started","timestamp":"2025-03-11T08:23:30.708Z"}
{"context":"RoutesResolver","level":"info","message":"AppController {/}:","timestamp":"2025-03-11T08:23:42.431Z"}
{"context":"RouterExplorer","level":"info","message":"Mapped {/, GET} route","timestamp":"2025-03-11T08:23:42.433Z"}
{"context":"RoutesResolver","level":"info","message":"UserController {/user}:","timestamp":"2025-03-11T08:23:42.433Z"}
{"context":"RouterExplorer","level":"info","message":"Mapped {/user, GET} route","timestamp":"2025-03-11T08:23:42.434Z"}
{"context":"RouterExplorer","level":"info","message":"Mapped {/user/:username, GET} route","timestamp":"2025-03-11T08:23:42.435Z"}
{"context":"RouterExplorer","level":"info","message":"Mapped {/user/profile, GET} route","timestamp":"2025-03-11T08:23:42.435Z"}
{"context":"RouterExplorer","level":"info","message":"Mapped {/user/logs, GET} route","timestamp":"2025-03-11T08:23:42.436Z"}
{"context":"RouterExplorer","level":"info","message":"Mapped {/user, POST} route","timestamp":"2025-03-11T08:23:42.436Z"}
{"context":"RouterExplorer","level":"info","message":"Mapped {/user/:id, PATCH} route","timestamp":"2025-03-11T08:23:42.437Z"}
{"context":"RouterExplorer","level":"info","message":"Mapped {/user/:id, DELETE} route","timestamp":"2025-03-11T08:23:42.437Z"}
{"context":"RoutesResolver","level":"info","message":"SchollController {/scholl}:","timestamp":"2025-03-11T08:23:42.438Z"}
{"context":"RouterExplorer","level":"info","message":"Mapped {/scholl, GET} route","timestamp":"2025-03-11T08:23:42.438Z"}
{"context":"RoutesResolver","level":"info","message":"AuthController {/auth}:","timestamp":"2025-03-11T08:23:42.439Z"}
{"context":"RouterExplorer","level":"info","message":"Mapped {/auth/login, POST} route","timestamp":"2025-03-11T08:23:42.439Z"}
{"context":"RouterExplorer","level":"info","message":"Mapped {/auth/profile, GET} route","timestamp":"2025-03-11T08:23:42.439Z"}
{"context":"RouterExplorer","level":"info","message":"Mapped {/auth/refresh-token, POST} route","timestamp":"2025-03-11T08:23:42.440Z"}
{"context":"NestApplication","level":"info","message":"Nest application successfully started","timestamp":"2025-03-11T08:23:42.441Z"}
{"context":"RoutesResolver","level":"info","message":"AppController {/}:","timestamp":"2025-03-11T08:27:16.881Z"}
{"context":"RouterExplorer","level":"info","message":"Mapped {/, GET} route","timestamp":"2025-03-11T08:27:16.883Z"}
{"context":"RoutesResolver","level":"info","message":"UserController {/user}:","timestamp":"2025-03-11T08:27:16.883Z"}
{"context":"RouterExplorer","level":"info","message":"Mapped {/user, GET} route","timestamp":"2025-03-11T08:27:16.884Z"}
{"context":"RouterExplorer","level":"info","message":"Mapped {/user/:username, GET} route","timestamp":"2025-03-11T08:27:16.886Z"}
{"context":"RouterExplorer","level":"info","message":"Mapped {/user/profile, GET} route","timestamp":"2025-03-11T08:27:16.886Z"}
{"context":"RouterExplorer","level":"info","message":"Mapped {/user/logs, GET} route","timestamp":"2025-03-11T08:27:16.887Z"}
{"context":"RouterExplorer","level":"info","message":"Mapped {/user, POST} route","timestamp":"2025-03-11T08:27:16.887Z"}
{"context":"RouterExplorer","level":"info","message":"Mapped {/user/:id, PATCH} route","timestamp":"2025-03-11T08:27:16.888Z"}
{"context":"RouterExplorer","level":"info","message":"Mapped {/user/:id, DELETE} route","timestamp":"2025-03-11T08:27:16.889Z"}
{"context":"RoutesResolver","level":"info","message":"SchollController {/scholl}:","timestamp":"2025-03-11T08:27:16.889Z"}
{"context":"RouterExplorer","level":"info","message":"Mapped {/scholl, GET} route","timestamp":"2025-03-11T08:27:16.890Z"}
{"context":"RoutesResolver","level":"info","message":"AuthController {/auth}:","timestamp":"2025-03-11T08:27:16.890Z"}
{"context":"RouterExplorer","level":"info","message":"Mapped {/auth/login, POST} route","timestamp":"2025-03-11T08:27:16.890Z"}
{"context":"RouterExplorer","level":"info","message":"Mapped {/auth/profile, GET} route","timestamp":"2025-03-11T08:27:16.891Z"}
{"context":"RouterExplorer","level":"info","message":"Mapped {/auth/refresh-token, POST} route","timestamp":"2025-03-11T08:27:16.891Z"}
{"context":"NestApplication","level":"info","message":"Nest application successfully started","timestamp":"2025-03-11T08:27:16.895Z"}
{"context":"RoutesResolver","level":"info","message":"AppController {/}:","timestamp":"2025-03-11T08:28:43.213Z"}
{"context":"RouterExplorer","level":"info","message":"Mapped {/, GET} route","timestamp":"2025-03-11T08:28:43.215Z"}
{"context":"RoutesResolver","level":"info","message":"UserController {/user}:","timestamp":"2025-03-11T08:28:43.215Z"}
{"context":"RouterExplorer","level":"info","message":"Mapped {/user, GET} route","timestamp":"2025-03-11T08:28:43.216Z"}
{"context":"RouterExplorer","level":"info","message":"Mapped {/user/:username, GET} route","timestamp":"2025-03-11T08:28:43.217Z"}
{"context":"RouterExplorer","level":"info","message":"Mapped {/user/profile, GET} route","timestamp":"2025-03-11T08:28:43.217Z"}
{"context":"RouterExplorer","level":"info","message":"Mapped {/user/logs, GET} route","timestamp":"2025-03-11T08:28:43.217Z"}
{"context":"RouterExplorer","level":"info","message":"Mapped {/user, POST} route","timestamp":"2025-03-11T08:28:43.218Z"}
{"context":"RouterExplorer","level":"info","message":"Mapped {/user/:id, PATCH} route","timestamp":"2025-03-11T08:28:43.219Z"}
{"context":"RouterExplorer","level":"info","message":"Mapped {/user/:id, DELETE} route","timestamp":"2025-03-11T08:28:43.219Z"}
{"context":"RoutesResolver","level":"info","message":"SchollController {/scholl}:","timestamp":"2025-03-11T08:28:43.219Z"}
{"context":"RouterExplorer","level":"info","message":"Mapped {/scholl, GET} route","timestamp":"2025-03-11T08:28:43.220Z"}
{"context":"RoutesResolver","level":"info","message":"AuthController {/auth}:","timestamp":"2025-03-11T08:28:43.220Z"}
{"context":"RouterExplorer","level":"info","message":"Mapped {/auth/login, POST} route","timestamp":"2025-03-11T08:28:43.220Z"}
{"context":"RouterExplorer","level":"info","message":"Mapped {/auth/profile, GET} route","timestamp":"2025-03-11T08:28:43.221Z"}
{"context":"NestApplication","level":"info","message":"Nest application successfully started","timestamp":"2025-03-11T08:28:43.222Z"}
{"context":"RoutesResolver","level":"info","message":"AppController {/}:","timestamp":"2025-03-11T08:42:22.535Z"}
{"context":"RouterExplorer","level":"info","message":"Mapped {/, GET} route","timestamp":"2025-03-11T08:42:22.537Z"}
{"context":"RoutesResolver","level":"info","message":"UserController {/user}:","timestamp":"2025-03-11T08:42:22.537Z"}
{"context":"RouterExplorer","level":"info","message":"Mapped {/user, GET} route","timestamp":"2025-03-11T08:42:22.538Z"}
{"context":"RouterExplorer","level":"info","message":"Mapped {/user/:username, GET} route","timestamp":"2025-03-11T08:42:22.539Z"}
{"context":"RouterExplorer","level":"info","message":"Mapped {/user/profile, GET} route","timestamp":"2025-03-11T08:42:22.539Z"}
{"context":"RouterExplorer","level":"info","message":"Mapped {/user/logs, GET} route","timestamp":"2025-03-11T08:42:22.539Z"}
{"context":"RouterExplorer","level":"info","message":"Mapped {/user, POST} route","timestamp":"2025-03-11T08:42:22.540Z"}
{"context":"RouterExplorer","level":"info","message":"Mapped {/user/:id, PATCH} route","timestamp":"2025-03-11T08:42:22.541Z"}
{"context":"RouterExplorer","level":"info","message":"Mapped {/user/:id, DELETE} route","timestamp":"2025-03-11T08:42:22.541Z"}
{"context":"RoutesResolver","level":"info","message":"SchollController {/scholl}:","timestamp":"2025-03-11T08:42:22.541Z"}
{"context":"RouterExplorer","level":"info","message":"Mapped {/scholl, GET} route","timestamp":"2025-03-11T08:42:22.542Z"}
{"context":"RoutesResolver","level":"info","message":"AuthController {/auth}:","timestamp":"2025-03-11T08:42:22.542Z"}
{"context":"RouterExplorer","level":"info","message":"Mapped {/auth/login, POST} route","timestamp":"2025-03-11T08:42:22.543Z"}
{"context":"RouterExplorer","level":"info","message":"Mapped {/auth/profile, GET} route","timestamp":"2025-03-11T08:42:22.543Z"}
{"context":"RouterExplorer","level":"info","message":"Mapped {/auth/refresh, POST} route","timestamp":"2025-03-11T08:42:22.543Z"}
{"context":"NestApplication","level":"info","message":"Nest application successfully started","timestamp":"2025-03-11T08:42:22.545Z"}
